2021-12-21 17:44:45,002 - TrainControll - INFO - Setup....
2021-12-21 17:44:45,016 - root - INFO - End Main....
2021-12-21 17:44:45,021 - root - INFO - creating tasks
2021-12-21 17:44:45,129 - root - INFO - __main__
2021-12-21 17:44:45,129 - TrainControll - INFO - Starting MQTT....
2021-12-21 17:44:45,179 - TrainControll - INFO - Scheduled Task
2021-12-21 17:44:45,225 - apscheduler.scheduler - INFO - Adding job tentatively -- it will be properly scheduled when the scheduler starts
2021-12-21 17:44:45,226 - apscheduler.scheduler - INFO - Added job "Scheduled Task" to job store "default"
2021-12-21 17:44:45,226 - apscheduler.scheduler - INFO - Scheduler started
2021-12-21 17:44:45,227 - TrainControll - INFO - Starting SocketIO....
2021-12-21 17:44:45,261 - werkzeug - WARNING - WebSocket transport not available. Install eventlet or gevent and gevent-websocket for improved performance.
2021-12-21 17:44:45,262 - werkzeug - WARNING -  * Debugger is active!
2021-12-21 17:44:45,301 - werkzeug - INFO -  * Debugger PIN: 261-257-177
2021-12-21 17:44:45,322 - werkzeug - INFO -  * Running on http://0.0.0.0:3033/ (Press CTRL+C to quit)
2021-12-21 17:44:45,384 - engineio.server - ERROR - Invalid session U2zLBqoyfz7KauQzAAAA (further occurrences of this error will be logged with level INFO)
2021-12-21 17:44:45,385 - werkzeug - INFO - 127.0.0.1 - - [21/Dec/2021 17:44:45] "[31m[1mPOST /socket.io/?EIO=4&transport=polling&t=NtTuOMI&sid=U2zLBqoyfz7KauQzAAAA HTTP/1.1[0m" 400 -
2021-12-21 17:44:46,006 - werkzeug - INFO - 127.0.0.1 - - [21/Dec/2021 17:44:46] "[37mGET /socket.io/?EIO=4&transport=polling&t=NtTuOmo HTTP/1.1[0m" 200 -
2021-12-21 17:44:48,334 - werkzeug - INFO - 127.0.0.1 - - [21/Dec/2021 17:44:48] "[37mPOST /socket.io/?EIO=4&transport=polling&t=NtTuOmt&sid=FRAQup4NuNMEQfrjAAAA HTTP/1.1[0m" 200 -
2021-12-21 17:44:48,334 - werkzeug - INFO - 127.0.0.1 - - [21/Dec/2021 17:44:48] "[37mGET /socket.io/?EIO=4&transport=polling&t=NtTuOmu&sid=FRAQup4NuNMEQfrjAAAA HTTP/1.1[0m" 200 -
2021-12-21 17:44:57,106 - werkzeug - INFO -  * Detected change in 'C:\\Users\\TTv060\\Desktop\\Projects\\TrainControll\\TrainControll.py', reloading
2021-12-21 17:44:57,800 - TrainControll - INFO - Setup....
2021-12-21 17:44:57,816 - root - INFO - End Main....
2021-12-21 17:44:57,847 - root - INFO - creating tasks
2021-12-21 17:44:57,984 - root - INFO - __main__
2021-12-21 17:44:57,985 - TrainControll - INFO - Starting MQTT....
2021-12-21 17:44:58,000 - TrainControll - INFO - Scheduled Task
2021-12-21 17:44:58,066 - apscheduler.scheduler - INFO - Adding job tentatively -- it will be properly scheduled when the scheduler starts
2021-12-21 17:44:58,067 - apscheduler.scheduler - INFO - Added job "Scheduled Task" to job store "default"
2021-12-21 17:44:58,068 - apscheduler.scheduler - INFO - Scheduler started
2021-12-21 17:44:58,068 - TrainControll - INFO - Starting SocketIO....
2021-12-21 17:44:58,111 - werkzeug - WARNING - WebSocket transport not available. Install eventlet or gevent and gevent-websocket for improved performance.
2021-12-21 17:44:58,112 - werkzeug - WARNING -  * Debugger is active!
2021-12-21 17:44:58,148 - werkzeug - INFO -  * Debugger PIN: 261-257-177
2021-12-21 17:44:58,175 - werkzeug - INFO -  * Running on http://0.0.0.0:3033/ (Press CTRL+C to quit)
2021-12-21 17:44:58,220 - engineio.server - ERROR - Invalid session FRAQup4NuNMEQfrjAAAA (further occurrences of this error will be logged with level INFO)
2021-12-21 17:44:58,222 - werkzeug - INFO - 127.0.0.1 - - [21/Dec/2021 17:44:58] "[31m[1mGET /socket.io/?EIO=4&transport=polling&t=NtTuPLM&sid=FRAQup4NuNMEQfrjAAAA HTTP/1.1[0m" 400 -
2021-12-21 17:44:58,475 - werkzeug - INFO - 127.0.0.1 - - [21/Dec/2021 17:44:58] "[31m[1mPOST /socket.io/?EIO=4&transport=polling&t=NtTuRlo&sid=FRAQup4NuNMEQfrjAAAA HTTP/1.1[0m" 400 -
2021-12-21 17:44:59,005 - werkzeug - INFO - 127.0.0.1 - - [21/Dec/2021 17:44:59] "[37mGET /socket.io/?EIO=4&transport=polling&t=NtTuRxu HTTP/1.1[0m" 200 -
2021-12-21 17:45:00,357 - werkzeug - INFO -  * Detected change in 'C:\\Users\\TTv060\\Desktop\\Projects\\TrainControll\\TrainControll.py', reloading
2021-12-21 17:45:01,043 - TrainControll - INFO - Setup....
2021-12-21 17:45:01,056 - root - INFO - End Main....
2021-12-21 17:45:01,061 - root - INFO - creating tasks
2021-12-21 17:45:01,176 - root - INFO - __main__
2021-12-21 17:45:01,176 - TrainControll - INFO - Starting MQTT....
2021-12-21 17:45:01,200 - TrainControll - INFO - Scheduled Task
2021-12-21 17:45:01,249 - apscheduler.scheduler - INFO - Adding job tentatively -- it will be properly scheduled when the scheduler starts
2021-12-21 17:45:01,250 - apscheduler.scheduler - INFO - Added job "Scheduled Task" to job store "default"
2021-12-21 17:45:01,250 - apscheduler.scheduler - INFO - Scheduler started
2021-12-21 17:45:01,251 - TrainControll - INFO - Starting SocketIO....
2021-12-21 17:45:01,253 - werkzeug - WARNING - WebSocket transport not available. Install eventlet or gevent and gevent-websocket for improved performance.
2021-12-21 17:45:01,253 - werkzeug - WARNING -  * Debugger is active!
2021-12-21 17:45:01,264 - werkzeug - INFO -  * Debugger PIN: 261-257-177
2021-12-21 17:45:01,281 - werkzeug - INFO -  * Running on http://0.0.0.0:3033/ (Press CTRL+C to quit)
2021-12-21 17:45:01,498 - engineio.server - ERROR - Invalid session zx_YsGoNhKuThfUKAAAA (further occurrences of this error will be logged with level INFO)
2021-12-21 17:45:01,499 - werkzeug - INFO - 127.0.0.1 - - [21/Dec/2021 17:45:01] "[31m[1mPOST /socket.io/?EIO=4&transport=polling&t=NtTuSI2&sid=zx_YsGoNhKuThfUKAAAA HTTP/1.1[0m" 400 -
2021-12-21 17:45:02,012 - werkzeug - INFO - 127.0.0.1 - - [21/Dec/2021 17:45:02] "[37mGET /socket.io/?EIO=4&transport=polling&t=NtTuSgt HTTP/1.1[0m" 200 -
2021-12-21 17:45:04,343 - werkzeug - INFO - 127.0.0.1 - - [21/Dec/2021 17:45:04] "[37mPOST /socket.io/?EIO=4&transport=polling&t=NtTuSgz&sid=XgCTivn4M6p2HUVWAAAA HTTP/1.1[0m" 200 -
2021-12-21 17:45:04,344 - werkzeug - INFO - 127.0.0.1 - - [21/Dec/2021 17:45:04] "[37mGET /socket.io/?EIO=4&transport=polling&t=NtTuSg-&sid=XgCTivn4M6p2HUVWAAAA HTTP/1.1[0m" 200 -
2021-12-21 17:45:27,025 - werkzeug - INFO - 127.0.0.1 - - [21/Dec/2021 17:45:27] "[37mGET /socket.io/?EIO=4&transport=polling&t=NtTuTFT&sid=XgCTivn4M6p2HUVWAAAA HTTP/1.1[0m" 200 -
2021-12-21 17:45:27,338 - werkzeug - INFO - 127.0.0.1 - - [21/Dec/2021 17:45:27] "[37mPOST /socket.io/?EIO=4&transport=polling&t=NtTuYnn&sid=XgCTivn4M6p2HUVWAAAA HTTP/1.1[0m" 200 -
2021-12-21 17:45:31,916 - TrainControll - INFO - Setup....
2021-12-21 17:45:31,939 - root - INFO - End Main....
2021-12-21 17:45:31,943 - root - INFO - creating tasks
2021-12-21 17:45:32,048 - root - INFO - __main__
2021-12-21 17:45:32,048 - TrainControll - INFO - Starting MQTT....
2021-12-21 17:45:32,097 - TrainControll - INFO - Scheduled Task
2021-12-21 17:45:32,138 - apscheduler.scheduler - INFO - Adding job tentatively -- it will be properly scheduled when the scheduler starts
2021-12-21 17:45:32,138 - apscheduler.scheduler - INFO - Added job "Scheduled Task" to job store "default"
2021-12-21 17:45:32,139 - apscheduler.scheduler - INFO - Scheduler started
2021-12-21 17:45:32,139 - TrainControll - INFO - Starting SocketIO....
2021-12-21 17:45:32,141 - werkzeug - WARNING - WebSocket transport not available. Install eventlet or gevent and gevent-websocket for improved performance.
2021-12-21 17:45:32,147 - werkzeug - INFO -  * Restarting with stat
2021-12-21 17:45:32,689 - TrainControll - INFO - Setup....
2021-12-21 17:45:32,716 - root - INFO - End Main....
2021-12-21 17:45:32,717 - root - INFO - creating tasks
2021-12-21 17:45:32,817 - root - INFO - __main__
2021-12-21 17:45:32,833 - TrainControll - INFO - Starting MQTT....
2021-12-21 17:45:32,867 - TrainControll - INFO - Scheduled Task
2021-12-21 17:45:32,908 - apscheduler.scheduler - INFO - Adding job tentatively -- it will be properly scheduled when the scheduler starts
2021-12-21 17:45:32,908 - apscheduler.scheduler - INFO - Added job "Scheduled Task" to job store "default"
2021-12-21 17:45:32,909 - apscheduler.scheduler - INFO - Scheduler started
2021-12-21 17:45:32,910 - TrainControll - INFO - Starting SocketIO....
2021-12-21 17:45:32,912 - werkzeug - WARNING - WebSocket transport not available. Install eventlet or gevent and gevent-websocket for improved performance.
2021-12-21 17:45:32,912 - werkzeug - WARNING -  * Debugger is active!
2021-12-21 17:45:32,939 - werkzeug - INFO -  * Debugger PIN: 261-257-177
2021-12-21 17:45:32,955 - werkzeug - INFO -  * Running on http://0.0.0.0:3033/ (Press CTRL+C to quit)
2021-12-21 17:45:33,049 - engineio.server - ERROR - Invalid session XgCTivn4M6p2HUVWAAAA (further occurrences of this error will be logged with level INFO)
2021-12-21 17:45:33,052 - werkzeug - INFO - 127.0.0.1 - - [21/Dec/2021 17:45:33] "[31m[1mPOST /socket.io/?EIO=4&transport=polling&t=NtTuZKQ&sid=XgCTivn4M6p2HUVWAAAA HTTP/1.1[0m" 400 -
2021-12-21 17:45:33,055 - werkzeug - INFO - 127.0.0.1 - - [21/Dec/2021 17:45:33] "[37mGET /socket.io/?EIO=4&transport=polling&t=NtTuZm4 HTTP/1.1[0m" 200 -
2021-12-21 17:45:35,325 - werkzeug - INFO - 127.0.0.1 - - [21/Dec/2021 17:45:35] "[37mPOST /socket.io/?EIO=4&transport=polling&t=NtTuaF_&sid=zgqNVFJnvGU7ORknAAAA HTTP/1.1[0m" 200 -
2021-12-21 17:45:35,325 - werkzeug - INFO - 127.0.0.1 - - [21/Dec/2021 17:45:35] "[37mGET /socket.io/?EIO=4&transport=polling&t=NtTuaF_.0&sid=zgqNVFJnvGU7ORknAAAA HTTP/1.1[0m" 200 -
2021-12-21 17:45:58,070 - werkzeug - INFO - 127.0.0.1 - - [21/Dec/2021 17:45:58] "[37mGET /socket.io/?EIO=4&transport=polling&t=NtTuapY&sid=zgqNVFJnvGU7ORknAAAA HTTP/1.1[0m" 200 -
2021-12-21 17:45:58,384 - werkzeug - INFO - 127.0.0.1 - - [21/Dec/2021 17:45:58] "[37mPOST /socket.io/?EIO=4&transport=polling&t=NtTugMt&sid=zgqNVFJnvGU7ORknAAAA HTTP/1.1[0m" 200 -
2021-12-21 17:46:02,146 - apscheduler.executors.default - INFO - Running job "Scheduled Task (trigger: interval[0:00:30], next run at: 2021-12-21 17:46:02 CET)" (scheduled at 2021-12-21 17:46:02.137626+01:00)
2021-12-21 17:46:02,146 - apscheduler.executors.default - INFO - Job "Scheduled Task (trigger: interval[0:00:30], next run at: 2021-12-21 17:46:32 CET)" executed successfully
2021-12-21 17:46:02,920 - apscheduler.executors.default - INFO - Running job "Scheduled Task (trigger: interval[0:00:30], next run at: 2021-12-21 17:46:02 CET)" (scheduled at 2021-12-21 17:46:02.907666+01:00)
2021-12-21 17:46:02,920 - apscheduler.executors.default - INFO - Job "Scheduled Task (trigger: interval[0:00:30], next run at: 2021-12-21 17:46:32 CET)" executed successfully
2021-12-21 17:46:03,456 - werkzeug - INFO - 127.0.0.1 - - [21/Dec/2021 17:46:03] "[37mPOST /socket.io/?EIO=4&transport=polling&t=NtTuhgo&sid=zgqNVFJnvGU7ORknAAAA HTTP/1.1[0m" 200 -
2021-12-21 17:46:03,454 - TrainControll - INFO - Weiche: 8 1
2021-12-21 17:46:03,464 - werkzeug - INFO - 127.0.0.1 - - [21/Dec/2021 17:46:03] "[37mGET /socket.io/?EIO=4&transport=polling&t=NtTugMu&sid=zgqNVFJnvGU7ORknAAAA HTTP/1.1[0m" 200 -
2021-12-21 17:46:04,041 - TrainControll - INFO - Weiche: 8 0
2021-12-21 17:46:04,041 - werkzeug - INFO - 127.0.0.1 - - [21/Dec/2021 17:46:04] "[37mPOST /socket.io/?EIO=4&transport=polling&t=NtTuhmz&sid=zgqNVFJnvGU7ORknAAAA HTTP/1.1[0m" 200 -
2021-12-21 17:46:04,047 - werkzeug - INFO - 127.0.0.1 - - [21/Dec/2021 17:46:04] "[37mGET /socket.io/?EIO=4&transport=polling&t=NtTuhhC&sid=zgqNVFJnvGU7ORknAAAA HTTP/1.1[0m" 200 -
2021-12-21 17:46:18,104 - werkzeug - INFO - 127.0.0.1 - - [21/Dec/2021 17:46:18] "[37mPOST /socket.io/?EIO=4&transport=polling&t=NtTulFn&sid=zgqNVFJnvGU7ORknAAAA HTTP/1.1[0m" 200 -
2021-12-21 17:46:18,116 - werkzeug - INFO - 127.0.0.1 - - [21/Dec/2021 17:46:18] "[37mGET /socket.io/?EIO=4&transport=polling&t=NtTuhqF&sid=zgqNVFJnvGU7ORknAAAA HTTP/1.1[0m" 200 -
2021-12-21 17:46:19,556 - werkzeug - INFO - 127.0.0.1 - - [21/Dec/2021 17:46:19] "[37mPOST /socket.io/?EIO=4&transport=polling&t=NtTulXc&sid=zgqNVFJnvGU7ORknAAAA HTTP/1.1[0m" 200 -
2021-12-21 17:46:19,557 - TrainControll - INFO - Lok: 8
2021-12-21 17:46:19,558 - TrainControll - INFO - Speed: 49
2021-12-21 17:46:29,017 - werkzeug - INFO - 127.0.0.1 - - [21/Dec/2021 17:46:29] "[37mPOST /socket.io/?EIO=4&transport=polling&t=NtTunwG&sid=zgqNVFJnvGU7ORknAAAA HTTP/1.1[0m" 200 -
2021-12-21 17:46:31,312 - werkzeug - INFO - 127.0.0.1 - - [21/Dec/2021 17:46:31] "[37mGET /socket.io/?EIO=4&transport=polling&t=NtTuoPT HTTP/1.1[0m" 200 -
2021-12-21 17:46:32,146 - apscheduler.executors.default - INFO - Running job "Scheduled Task (trigger: interval[0:00:30], next run at: 2021-12-21 17:47:02 CET)" (scheduled at 2021-12-21 17:46:32.137626+01:00)
2021-12-21 17:46:32,146 - apscheduler.executors.default - INFO - Job "Scheduled Task (trigger: interval[0:00:30], next run at: 2021-12-21 17:47:02 CET)" executed successfully
2021-12-21 17:46:32,929 - apscheduler.executors.default - INFO - Running job "Scheduled Task (trigger: interval[0:00:30], next run at: 2021-12-21 17:47:02 CET)" (scheduled at 2021-12-21 17:46:32.907666+01:00)
2021-12-21 17:46:32,929 - apscheduler.executors.default - INFO - Job "Scheduled Task (trigger: interval[0:00:30], next run at: 2021-12-21 17:47:02 CET)" executed successfully
2021-12-21 17:46:33,604 - werkzeug - INFO - 127.0.0.1 - - [21/Dec/2021 17:46:33] "[37mPOST /socket.io/?EIO=4&transport=polling&t=NtTuoUM&sid=8WhhecQQ8qJJofeQAAAC HTTP/1.1[0m" 200 -
2021-12-21 17:46:33,604 - werkzeug - INFO - 127.0.0.1 - - [21/Dec/2021 17:46:33] "[37mGET /socket.io/?EIO=4&transport=polling&t=NtTuoUN&sid=8WhhecQQ8qJJofeQAAAC HTTP/1.1[0m" 200 -
2021-12-21 17:46:35,159 - werkzeug - INFO -  * Detected change in 'C:\\Users\\TTv060\\Desktop\\Projects\\TrainControll\\server.py', reloading
2021-12-21 17:46:35,206 - werkzeug - INFO -  * Restarting with stat
2021-12-21 17:46:35,823 - TrainControll - INFO - Setup....
2021-12-21 17:46:35,846 - root - INFO - End Main....
2021-12-21 17:46:35,862 - root - INFO - creating tasks
2021-12-21 17:46:36,012 - root - INFO - __main__
2021-12-21 17:46:36,013 - TrainControll - INFO - Starting MQTT....
2021-12-21 17:46:36,047 - TrainControll - INFO - Scheduled Task
2021-12-21 17:46:36,093 - apscheduler.scheduler - INFO - Adding job tentatively -- it will be properly scheduled when the scheduler starts
2021-12-21 17:46:36,094 - apscheduler.scheduler - INFO - Added job "Scheduled Task" to job store "default"
2021-12-21 17:46:36,094 - apscheduler.scheduler - INFO - Scheduler started
2021-12-21 17:46:36,094 - TrainControll - INFO - Starting SocketIO....
2021-12-21 17:46:36,096 - werkzeug - WARNING - WebSocket transport not available. Install eventlet or gevent and gevent-websocket for improved performance.
2021-12-21 17:46:36,097 - werkzeug - WARNING -  * Debugger is active!
2021-12-21 17:46:36,128 - werkzeug - INFO -  * Debugger PIN: 261-257-177
2021-12-21 17:46:36,148 - werkzeug - INFO -  * Running on http://0.0.0.0:3033/ (Press CTRL+C to quit)
2021-12-21 17:46:36,266 - engineio.server - ERROR - Invalid session 8WhhecQQ8qJJofeQAAAC (further occurrences of this error will be logged with level INFO)
2021-12-21 17:46:36,272 - werkzeug - INFO - 127.0.0.1 - - [21/Dec/2021 17:46:36] "[31m[1mGET /socket.io/?EIO=4&transport=polling&t=NtTup2W&sid=8WhhecQQ8qJJofeQAAAC HTTP/1.1[0m" 400 -
2021-12-21 17:46:36,528 - werkzeug - INFO - 127.0.0.1 - - [21/Dec/2021 17:46:36] "[31m[1mPOST /socket.io/?EIO=4&transport=polling&t=NtTuphq&sid=8WhhecQQ8qJJofeQAAAC HTTP/1.1[0m" 400 -
2021-12-21 17:46:37,202 - werkzeug - INFO -  * Detected change in 'C:\\Users\\TTv060\\Desktop\\Projects\\TrainControll\\server.py', reloading
2021-12-21 17:46:37,272 - werkzeug - INFO -  * Restarting with stat
2021-12-21 17:47:26,263 - TrainControll - INFO - Setup....
2021-12-21 17:47:26,282 - root - INFO - End Main....
2021-12-21 17:47:26,286 - root - INFO - creating tasks
2021-12-21 17:47:26,388 - root - INFO - __main__
2021-12-21 17:47:26,400 - TrainControll - INFO - Starting MQTT....
2021-12-22 11:25:37,628 - TrainControll - INFO - Setup....
2021-12-22 11:25:37,643 - root - INFO - End Main....
2021-12-22 11:25:37,693 - root - INFO - creating tasks
2021-12-22 11:25:37,916 - root - INFO - __main__
2021-12-22 11:25:38,649 - TrainControll - INFO - waiting for network..
2021-12-22 11:25:49,147 - TrainControll - INFO - runmode 
2021-12-22 11:29:55,499 - TrainControll - INFO - Setup....
2021-12-22 11:29:55,508 - root - INFO - End Main....
2021-12-22 11:29:55,560 - root - INFO - creating tasks
2021-12-22 11:29:55,786 - root - INFO - __main__
2021-12-22 11:29:56,528 - TrainControll - INFO - waiting for network..
2021-12-22 11:30:06,945 - TrainControll - INFO - runmode 
2021-12-22 11:32:01,200 - TrainControll - INFO - Setup....
2021-12-22 11:32:01,211 - root - INFO - End Main....
2021-12-22 11:32:01,259 - root - INFO - creating tasks
2021-12-22 11:32:01,469 - root - INFO - __main__
2021-12-22 11:32:02,185 - TrainControll - INFO - waiting for network..
2021-12-22 11:32:12,604 - TrainControll - INFO - runmode 
2021-12-22 11:33:35,567 - TrainControll - INFO - Setup....
2021-12-22 11:33:35,575 - root - INFO - End Main....
2021-12-22 11:33:35,621 - root - INFO - creating tasks
2021-12-22 11:33:35,833 - root - INFO - __main__
2021-12-22 11:33:36,544 - TrainControll - INFO - waiting for network..
2021-12-22 11:33:37,973 - TrainControll - INFO - runmode 
2021-12-22 11:40:54,609 - TrainControll - INFO - Setup....
2021-12-22 11:40:54,618 - root - INFO - End Main....
2021-12-22 11:40:54,664 - root - INFO - creating tasks
2021-12-22 11:40:54,870 - root - INFO - __main__
2021-12-22 11:40:55,569 - TrainControll - INFO - waiting for network..
2021-12-22 11:40:56,986 - TrainControll - INFO - runmode 
2021-12-22 11:42:55,125 - TrainControll - INFO - Setup....
2021-12-22 11:42:55,134 - root - INFO - End Main....
2021-12-22 11:42:55,188 - root - INFO - creating tasks
2021-12-22 11:42:55,413 - root - INFO - __main__
2021-12-22 11:42:56,195 - TrainControll - INFO - waiting for network..
2021-12-22 11:42:57,633 - TrainControll - INFO - runmode 
2021-12-22 11:43:05,541 - TrainControll - INFO - Starting MQTT....
2021-12-22 11:43:06,511 - TrainControll - INFO - MQTT connected 0
2021-12-22 11:43:06,642 - TrainControll - INFO - Scheduled Task
2021-12-22 11:43:07,079 - apscheduler.scheduler - INFO - Adding job tentatively -- it will be properly scheduled when the scheduler starts
2021-12-22 11:43:07,090 - apscheduler.scheduler - INFO - Added job "Scheduled Task" to job store "default"
2021-12-22 11:43:07,090 - apscheduler.scheduler - INFO - Scheduler started
2021-12-22 11:43:07,823 - TrainControll - INFO - Starting SocketIO....
2021-12-22 11:43:07,852 - werkzeug - INFO -  * Restarting with stat
2021-12-22 11:43:15,688 - TrainControll - INFO - Setup....
2021-12-22 11:43:15,697 - root - INFO - End Main....
2021-12-22 11:43:15,741 - root - INFO - creating tasks
2021-12-22 11:43:15,958 - root - INFO - __main__
2021-12-22 11:43:16,678 - TrainControll - INFO - waiting for network..
2021-12-22 11:43:18,102 - TrainControll - INFO - runmode 
2021-12-22 11:43:26,040 - TrainControll - INFO - Starting MQTT....
2021-12-22 11:43:26,899 - TrainControll - INFO - Scheduled Task
2021-12-22 11:43:27,309 - TrainControll - INFO - MQTT connected 0
2021-12-22 11:43:27,498 - apscheduler.scheduler - INFO - Adding job tentatively -- it will be properly scheduled when the scheduler starts
2021-12-22 11:43:27,505 - apscheduler.scheduler - INFO - Added job "Scheduled Task" to job store "default"
2021-12-22 11:43:27,506 - apscheduler.scheduler - INFO - Scheduler started
2021-12-22 11:43:28,275 - TrainControll - INFO - Starting SocketIO....
2021-12-22 11:43:28,286 - werkzeug - WARNING -  * Debugger is active!
2021-12-22 11:43:28,289 - werkzeug - INFO -  * Debugger PIN: 158-646-470
2021-12-22 11:43:37,082 - apscheduler.executors.default - INFO - Running job "Scheduled Task (trigger: interval[0:00:30], next run at: 2021-12-22 11:43:37 GMT)" (scheduled at 2021-12-22 11:43:37.078702+00:00)
2021-12-22 11:43:37,100 - apscheduler.executors.default - INFO - Job "Scheduled Task (trigger: interval[0:00:30], next run at: 2021-12-22 11:44:07 GMT)" executed successfully
2021-12-22 11:43:46,811 - werkzeug - INFO -  * Detected change in '/home/pi/projects/TrainControll/TrainControll.py', reloading
2021-12-22 11:43:47,364 - werkzeug - INFO -  * Restarting with stat
2021-12-22 11:43:54,933 - TrainControll - INFO - Setup....
2021-12-22 11:43:54,944 - root - INFO - End Main....
2021-12-22 11:43:54,995 - root - INFO - creating tasks
2021-12-22 11:43:55,210 - root - INFO - __main__
2021-12-22 11:43:55,949 - TrainControll - INFO - waiting for network..
2021-12-22 11:43:57,384 - TrainControll - INFO - runmode 
2021-12-22 11:44:02,728 - TrainControll - INFO - Starting MQTT....
2021-12-22 11:44:03,578 - TrainControll - INFO - Scheduled Task
2021-12-22 11:44:03,933 - TrainControll - INFO - MQTT connected 0
2021-12-22 11:44:04,179 - apscheduler.scheduler - INFO - Adding job tentatively -- it will be properly scheduled when the scheduler starts
2021-12-22 11:44:04,185 - apscheduler.scheduler - INFO - Added job "Scheduled Task" to job store "default"
2021-12-22 11:44:04,186 - apscheduler.scheduler - INFO - Scheduler started
2021-12-22 11:44:04,994 - TrainControll - INFO - Starting SocketIO....
2021-12-22 11:44:05,015 - werkzeug - WARNING -  * Debugger is active!
2021-12-22 11:44:05,017 - werkzeug - INFO -  * Debugger PIN: 158-646-470
2021-12-22 11:44:07,087 - apscheduler.executors.default - INFO - Running job "Scheduled Task (trigger: interval[0:00:30], next run at: 2021-12-22 11:44:07 GMT)" (scheduled at 2021-12-22 11:44:07.078702+00:00)
2021-12-22 11:44:07,090 - apscheduler.executors.default - INFO - Job "Scheduled Task (trigger: interval[0:00:30], next run at: 2021-12-22 11:44:37 GMT)" executed successfully
2021-12-22 11:44:11,572 - werkzeug - INFO -  * Detected change in '/home/pi/projects/TrainControll/server.py', reloading
2021-12-22 11:44:12,000 - werkzeug - INFO -  * Restarting with stat
2021-12-22 11:44:19,262 - TrainControll - INFO - Setup....
2021-12-22 11:44:19,272 - root - INFO - End Main....
2021-12-22 11:44:19,318 - root - INFO - creating tasks
2021-12-22 11:44:19,525 - root - INFO - __main__
2021-12-22 11:44:23,020 - TrainControll - INFO - waiting for network..
2021-12-22 11:44:24,529 - TrainControll - INFO - runmode 
2021-12-22 11:44:27,153 - TrainControll - INFO - Starting MQTT....
2021-12-22 11:44:28,033 - TrainControll - INFO - Scheduled Task
2021-12-22 11:44:28,384 - TrainControll - INFO - MQTT connected 0
2021-12-22 11:44:28,549 - apscheduler.scheduler - INFO - Adding job tentatively -- it will be properly scheduled when the scheduler starts
2021-12-22 11:44:28,554 - apscheduler.scheduler - INFO - Added job "Scheduled Task" to job store "default"
2021-12-22 11:44:28,555 - apscheduler.scheduler - INFO - Scheduler started
2021-12-22 11:44:29,295 - TrainControll - INFO - Starting SocketIO....
2021-12-22 11:44:29,306 - werkzeug - WARNING -  * Debugger is active!
2021-12-22 11:44:29,309 - werkzeug - INFO -  * Debugger PIN: 158-646-470
2021-12-22 11:44:31,503 - werkzeug - INFO -  * Detected change in '/home/pi/projects/TrainControll/server.py', reloading
2021-12-22 11:44:31,931 - werkzeug - INFO -  * Restarting with stat
2021-12-22 11:44:37,087 - apscheduler.executors.default - INFO - Running job "Scheduled Task (trigger: interval[0:00:30], next run at: 2021-12-22 11:44:37 GMT)" (scheduled at 2021-12-22 11:44:37.078702+00:00)
2021-12-22 11:44:37,102 - apscheduler.executors.default - INFO - Job "Scheduled Task (trigger: interval[0:00:30], next run at: 2021-12-22 11:45:07 GMT)" executed successfully
2021-12-22 11:44:39,119 - TrainControll - INFO - Setup....
2021-12-22 11:44:39,128 - root - INFO - End Main....
2021-12-22 11:44:39,177 - root - INFO - creating tasks
2021-12-22 11:44:39,389 - root - INFO - __main__
2021-12-22 11:44:40,137 - TrainControll - INFO - waiting for network..
2021-12-22 11:44:45,947 - TrainControll - INFO - Starting MQTT....
2021-12-22 11:44:46,903 - TrainControll - INFO - MQTT connected 0
2021-12-22 11:44:47,035 - TrainControll - INFO - Scheduled Task
2021-12-22 11:44:47,463 - apscheduler.scheduler - INFO - Adding job tentatively -- it will be properly scheduled when the scheduler starts
2021-12-22 11:44:47,471 - apscheduler.scheduler - INFO - Added job "Scheduled Task" to job store "default"
2021-12-22 11:44:47,472 - apscheduler.scheduler - INFO - Scheduler started
2021-12-22 11:44:48,205 - TrainControll - INFO - Starting SocketIO....
2021-12-22 11:44:48,219 - werkzeug - WARNING -  * Debugger is active!
2021-12-22 11:44:48,222 - werkzeug - INFO -  * Debugger PIN: 158-646-470
2021-12-22 11:44:57,958 - werkzeug - INFO -  * Detected change in '/home/pi/projects/TrainControll/server.py', reloading
2021-12-22 11:44:58,424 - werkzeug - INFO -  * Restarting with stat
2021-12-22 11:45:06,296 - TrainControll - INFO - Setup....
2021-12-22 11:45:06,304 - root - INFO - End Main....
2021-12-22 11:45:06,562 - root - INFO - __main__
2021-12-22 11:45:07,086 - apscheduler.executors.default - INFO - Running job "Scheduled Task (trigger: interval[0:00:30], next run at: 2021-12-22 11:45:07 GMT)" (scheduled at 2021-12-22 11:45:07.078702+00:00)
2021-12-22 11:45:07,088 - apscheduler.executors.default - INFO - Job "Scheduled Task (trigger: interval[0:00:30], next run at: 2021-12-22 11:45:07 GMT)" executed successfully
2021-12-22 11:45:07,265 - TrainControll - INFO - waiting for network..
2021-12-22 11:45:10,448 - TrainControll - INFO - Starting MQTT....
2021-12-22 11:45:11,385 - TrainControll - INFO - Scheduled Task
2021-12-22 11:45:11,694 - TrainControll - INFO - MQTT connected 0
2021-12-22 11:45:11,901 - apscheduler.scheduler - INFO - Adding job tentatively -- it will be properly scheduled when the scheduler starts
2021-12-22 11:45:11,906 - apscheduler.scheduler - INFO - Added job "Scheduled Task" to job store "default"
2021-12-22 11:45:11,907 - apscheduler.scheduler - INFO - Scheduler started
2021-12-22 11:45:12,626 - TrainControll - INFO - Starting SocketIO....
2021-12-22 11:45:12,642 - werkzeug - WARNING -  * Debugger is active!
2021-12-22 11:45:12,644 - werkzeug - INFO -  * Debugger PIN: 158-646-470
2021-12-22 11:45:15,910 - werkzeug - INFO -  * Detected change in '/home/pi/projects/TrainControll/server.py', reloading
2021-12-22 11:45:16,443 - werkzeug - INFO -  * Restarting with stat
2021-12-22 11:45:24,184 - TrainControll - INFO - Setup....
2021-12-22 11:45:24,196 - root - INFO - End Main....
2021-12-22 11:45:24,242 - root - INFO - __main__
2021-12-22 11:45:25,168 - TrainControll - INFO - waiting for network..
2021-12-22 11:45:28,413 - TrainControll - INFO - Starting MQTT....
2021-12-22 11:45:29,326 - TrainControll - INFO - MQTT connected 0
2021-12-22 11:45:29,456 - TrainControll - INFO - Scheduled Task
2021-12-22 11:45:29,867 - apscheduler.scheduler - INFO - Adding job tentatively -- it will be properly scheduled when the scheduler starts
2021-12-22 11:45:29,874 - apscheduler.scheduler - INFO - Added job "Scheduled Task" to job store "default"
2021-12-22 11:45:29,874 - apscheduler.scheduler - INFO - Scheduler started
2021-12-22 11:45:30,586 - TrainControll - INFO - Starting SocketIO....
2021-12-22 11:45:30,599 - werkzeug - WARNING -  * Debugger is active!
2021-12-22 11:45:30,602 - werkzeug - INFO -  * Debugger PIN: 158-646-470
2021-12-22 11:45:37,089 - apscheduler.executors.default - INFO - Running job "Scheduled Task (trigger: interval[0:00:30], next run at: 2021-12-22 11:45:37 GMT)" (scheduled at 2021-12-22 11:45:37.078702+00:00)
2021-12-22 11:45:37,094 - apscheduler.executors.default - INFO - Job "Scheduled Task (trigger: interval[0:00:30], next run at: 2021-12-22 11:45:37 GMT)" executed successfully
2021-12-22 11:45:38,227 - werkzeug - INFO -  * Detected change in '/home/pi/projects/TrainControll/server.py', reloading
2021-12-22 11:45:38,718 - werkzeug - INFO -  * Restarting with stat
2021-12-22 11:45:45,889 - TrainControll - INFO - Setup....
2021-12-22 11:45:45,897 - root - INFO - End Main....
2021-12-22 11:45:45,947 - root - INFO - __main__
2021-12-22 11:45:46,864 - TrainControll - INFO - waiting for network..
2021-12-22 11:45:50,084 - TrainControll - INFO - Starting MQTT....
2021-12-22 11:45:50,897 - TrainControll - INFO - ScheduledTask
2021-12-22 11:45:51,337 - TrainControll - INFO - MQTT connected 0
2021-12-22 11:45:51,459 - apscheduler.scheduler - INFO - Adding job tentatively -- it will be properly scheduled when the scheduler starts
2021-12-22 11:45:51,464 - apscheduler.scheduler - INFO - Added job "Scheduled Task" to job store "default"
2021-12-22 11:45:51,465 - apscheduler.scheduler - INFO - Scheduler started
2021-12-22 11:45:52,171 - TrainControll - INFO - Starting SocketIO....
2021-12-22 11:45:52,182 - werkzeug - WARNING -  * Debugger is active!
2021-12-22 11:45:52,184 - werkzeug - INFO -  * Debugger PIN: 158-646-470
2021-12-22 11:45:56,535 - werkzeug - INFO -  * Detected change in '/home/pi/projects/TrainControll/server.py', reloading
2021-12-22 11:45:57,010 - werkzeug - INFO -  * Restarting with stat
2021-12-22 11:46:04,301 - TrainControll - INFO - Setup....
2021-12-22 11:46:04,311 - root - INFO - End Main....
2021-12-22 11:46:04,364 - root - INFO - __main__
2021-12-22 11:46:05,337 - TrainControll - INFO - waiting for network..
2021-12-22 11:46:07,092 - apscheduler.executors.default - INFO - Running job "Scheduled Task (trigger: interval[0:00:30], next run at: 2021-12-22 11:46:07 GMT)" (scheduled at 2021-12-22 11:46:07.078702+00:00)
2021-12-22 11:46:07,094 - apscheduler.executors.default - INFO - Job "Scheduled Task (trigger: interval[0:00:30], next run at: 2021-12-22 11:46:07 GMT)" executed successfully
2021-12-22 11:46:08,643 - TrainControll - INFO - Starting MQTT....
2021-12-22 11:46:09,558 - TrainControll - INFO - MQTT connected 0
2021-12-22 11:46:09,777 - TrainControll - INFO - Scheduling Tasks
2021-12-22 11:46:10,185 - apscheduler.scheduler - INFO - Adding job tentatively -- it will be properly scheduled when the scheduler starts
2021-12-22 11:46:10,192 - apscheduler.scheduler - INFO - Added job "Scheduled Task" to job store "default"
2021-12-22 11:46:10,193 - apscheduler.scheduler - INFO - Scheduler started
2021-12-22 11:46:10,903 - TrainControll - INFO - Starting SocketIO....
2021-12-22 11:46:10,920 - werkzeug - WARNING -  * Debugger is active!
2021-12-22 11:46:10,944 - werkzeug - INFO -  * Debugger PIN: 158-646-470
2021-12-22 11:46:18,661 - werkzeug - INFO -  * Detected change in '/home/pi/projects/TrainControll/server.py', reloading
2021-12-22 11:46:19,085 - werkzeug - INFO -  * Restarting with stat
2021-12-22 11:47:06,500 - TrainControll - INFO - Setup....
2021-12-22 11:47:06,508 - root - INFO - End Main....
2021-12-22 11:47:06,557 - root - INFO - __main__
2021-12-22 11:47:07,516 - TrainControll - INFO - waiting for network..
2021-12-22 11:47:10,807 - TrainControll - INFO - Starting MQTT
2021-12-22 11:47:11,721 - TrainControll - INFO - Scheduling Tasks
2021-12-22 11:47:11,972 - TrainControll - INFO - MQTT connected 0
2021-12-22 11:47:12,212 - apscheduler.scheduler - INFO - Adding job tentatively -- it will be properly scheduled when the scheduler starts
2021-12-22 11:47:12,217 - apscheduler.scheduler - INFO - Added job "Scheduled Task" to job store "default"
2021-12-22 11:47:12,218 - apscheduler.scheduler - INFO - Scheduler started
2021-12-22 11:47:12,902 - TrainControll - INFO - Starting SocketIO...
2021-12-22 11:47:12,917 - werkzeug - INFO -  * Restarting with stat
2021-12-22 11:47:20,076 - TrainControll - INFO - Setup....
2021-12-22 11:47:20,110 - root - INFO - End Main....
2021-12-22 11:47:20,158 - root - INFO - __main__
2021-12-22 11:47:21,082 - TrainControll - INFO - waiting for network..
2021-12-22 11:47:24,766 - TrainControll - INFO - Starting MQTT
2021-12-22 11:47:25,805 - TrainControll - INFO - Scheduling Tasks
2021-12-22 11:47:26,052 - TrainControll - INFO - MQTT connected 0
2021-12-22 11:47:26,323 - apscheduler.scheduler - INFO - Adding job tentatively -- it will be properly scheduled when the scheduler starts
2021-12-22 11:47:26,328 - apscheduler.scheduler - INFO - Added job "Scheduled Task" to job store "default"
2021-12-22 11:47:26,329 - apscheduler.scheduler - INFO - Scheduler started
2021-12-22 11:47:27,116 - TrainControll - INFO - Starting SocketIO...
2021-12-22 11:47:27,130 - werkzeug - WARNING -  * Debugger is active!
2021-12-22 11:47:27,133 - werkzeug - INFO -  * Debugger PIN: 158-646-470
2021-12-22 11:47:34,036 - TrainControll - INFO - Mqtt inbound:
2021-12-22 11:47:34,055 - TrainControll - INFO - Mqtt inbound:
2021-12-22 11:47:34,698 - TrainControll - INFO - MQTT Command: Lok
2021-12-22 11:47:34,711 - TrainControll - INFO - MQTT Command: Lok
2021-12-22 11:47:35,297 - TrainControll - INFO - Mqtt inbound:
2021-12-22 11:47:35,342 - TrainControll - INFO - Mqtt inbound:
2021-12-22 11:47:35,941 - TrainControll - INFO - MQTT Command: Lok
2021-12-22 11:47:36,007 - TrainControll - INFO - MQTT Command: Lok
2021-12-22 11:47:36,491 - TrainControll - INFO - Mqtt inbound:
2021-12-22 11:47:36,642 - TrainControll - INFO - Mqtt inbound:
2021-12-22 11:47:37,147 - TrainControll - INFO - MQTT Command: Lok
2021-12-22 11:47:37,319 - TrainControll - INFO - MQTT Command: Lok
2021-12-22 11:47:37,725 - TrainControll - INFO - Mqtt inbound:
2021-12-22 11:47:37,971 - TrainControll - INFO - Mqtt inbound:
2021-12-22 11:47:38,384 - TrainControll - INFO - MQTT Command: Lok
2021-12-22 11:47:38,634 - TrainControll - INFO - MQTT Command: Lok
2021-12-22 11:47:41,501 - TrainControll - INFO - Mqtt inbound:
2021-12-22 11:47:41,560 - TrainControll - INFO - Mqtt inbound:
2021-12-22 11:47:42,228 - apscheduler.executors.default - INFO - Running job "Scheduled Task (trigger: interval[0:00:30], next run at: 2021-12-22 11:47:42 GMT)" (scheduled at 2021-12-22 11:47:42.211399+00:00)
2021-12-22 11:47:42,242 - apscheduler.executors.default - INFO - Job "Scheduled Task (trigger: interval[0:00:30], next run at: 2021-12-22 11:48:12 GMT)" executed successfully
2021-12-22 11:47:42,436 - TrainControll - INFO - MQTT Command: Lok
2021-12-22 11:47:42,580 - TrainControll - INFO - MQTT Command: Lok
2021-12-22 11:47:43,147 - TrainControll - INFO - Mqtt inbound:
2021-12-22 11:47:43,235 - TrainControll - INFO - Mqtt inbound:
2021-12-22 11:47:43,889 - TrainControll - INFO - MQTT Command: Lok
2021-12-22 11:47:44,046 - TrainControll - INFO - MQTT Command: Lok
2021-12-22 11:47:56,324 - apscheduler.executors.default - INFO - Running job "Scheduled Task (trigger: interval[0:00:30], next run at: 2021-12-22 11:47:56 GMT)" (scheduled at 2021-12-22 11:47:56.321957+00:00)
2021-12-22 11:47:56,326 - apscheduler.executors.default - INFO - Job "Scheduled Task (trigger: interval[0:00:30], next run at: 2021-12-22 11:48:26 GMT)" executed successfully
2021-12-22 11:47:56,817 - werkzeug - INFO -  * Detected change in '/home/pi/projects/TrainControll/server.py', reloading
2021-12-22 11:47:57,240 - werkzeug - INFO -  * Restarting with stat
2021-12-22 11:48:01,718 - TrainControll - INFO - Ready...
2021-12-22 11:48:11,687 - TrainControll - INFO - Setup....
2021-12-22 11:48:11,695 - root - INFO - End Main....
2021-12-22 11:48:11,739 - root - INFO - __main__
2021-12-22 11:48:12,661 - TrainControll - INFO - waiting for network..
2021-12-22 11:48:15,788 - TrainControll - INFO - Starting MQTT
2021-12-22 11:48:16,713 - TrainControll - INFO - MQTT connected 0
2021-12-22 11:48:16,914 - TrainControll - INFO - Scheduling Tasks
2021-12-22 11:48:17,355 - apscheduler.scheduler - INFO - Adding job tentatively -- it will be properly scheduled when the scheduler starts
2021-12-22 11:48:17,361 - apscheduler.scheduler - INFO - Added job "Scheduled Task" to job store "default"
2021-12-22 11:48:17,362 - apscheduler.scheduler - INFO - Scheduler started
2021-12-22 11:48:18,203 - TrainControll - INFO - Starting SocketIO...
2021-12-22 11:48:52,275 - TrainControll - INFO - Setup....
2021-12-22 11:48:52,288 - root - INFO - End Main....
2021-12-22 11:48:52,340 - root - INFO - __main__
2021-12-22 11:48:53,379 - TrainControll - INFO - waiting for network..
2021-12-22 11:48:57,052 - TrainControll - INFO - Starting MQTT
2021-12-22 11:48:58,049 - TrainControll - INFO - MQTT connected 0
2021-12-22 11:48:58,231 - TrainControll - INFO - Scheduling Tasks
2021-12-22 11:48:58,666 - apscheduler.scheduler - INFO - Adding job tentatively -- it will be properly scheduled when the scheduler starts
2021-12-22 11:48:58,673 - apscheduler.scheduler - INFO - Added job "Scheduled Task" to job store "default"
2021-12-22 11:48:58,674 - apscheduler.scheduler - INFO - Scheduler started
2021-12-22 11:48:59,378 - TrainControll - INFO - Starting SocketIO...
2021-12-22 11:49:18,031 - TrainControll - INFO - Mqtt inbound:
2021-12-22 11:49:18,661 - TrainControll - INFO - MQTT Command: Lok
2021-12-22 11:49:19,193 - TrainControll - INFO - Mqtt inbound:
2021-12-22 11:49:19,817 - TrainControll - INFO - MQTT Command: Lok
2021-12-22 11:49:20,348 - TrainControll - INFO - Mqtt inbound:
2021-12-22 11:49:20,960 - TrainControll - INFO - MQTT Command: Lok
2021-12-22 11:49:22,644 - TrainControll - INFO - Mqtt inbound:
2021-12-22 11:49:23,268 - TrainControll - INFO - MQTT Command: Lok
2021-12-22 11:49:23,795 - TrainControll - INFO - Mqtt inbound:
2021-12-22 11:49:24,410 - TrainControll - INFO - MQTT Command: Lok
2021-12-22 11:49:28,668 - apscheduler.executors.default - INFO - Running job "Scheduled Task (trigger: interval[0:00:30], next run at: 2021-12-22 11:49:28 GMT)" (scheduled at 2021-12-22 11:49:28.665522+00:00)
2021-12-22 11:49:28,670 - apscheduler.executors.default - INFO - Job "Scheduled Task (trigger: interval[0:00:30], next run at: 2021-12-22 11:49:58 GMT)" executed successfully
2021-12-22 11:49:58,671 - apscheduler.executors.default - INFO - Running job "Scheduled Task (trigger: interval[0:00:30], next run at: 2021-12-22 11:49:58 GMT)" (scheduled at 2021-12-22 11:49:58.665522+00:00)
2021-12-22 11:49:58,683 - apscheduler.executors.default - INFO - Job "Scheduled Task (trigger: interval[0:00:30], next run at: 2021-12-22 11:50:28 GMT)" executed successfully
2021-12-22 11:50:28,680 - apscheduler.executors.default - INFO - Running job "Scheduled Task (trigger: interval[0:00:30], next run at: 2021-12-22 11:50:28 GMT)" (scheduled at 2021-12-22 11:50:28.665522+00:00)
2021-12-22 11:50:28,682 - apscheduler.executors.default - INFO - Job "Scheduled Task (trigger: interval[0:00:30], next run at: 2021-12-22 11:50:28 GMT)" executed successfully
2021-12-22 11:50:58,673 - apscheduler.executors.default - INFO - Running job "Scheduled Task (trigger: interval[0:00:30], next run at: 2021-12-22 11:50:58 GMT)" (scheduled at 2021-12-22 11:50:58.665522+00:00)
2021-12-22 11:50:58,676 - apscheduler.executors.default - INFO - Job "Scheduled Task (trigger: interval[0:00:30], next run at: 2021-12-22 11:50:58 GMT)" executed successfully
2021-12-22 11:51:28,679 - apscheduler.executors.default - INFO - Running job "Scheduled Task (trigger: interval[0:00:30], next run at: 2021-12-22 11:51:28 GMT)" (scheduled at 2021-12-22 11:51:28.665522+00:00)
2021-12-22 11:51:28,681 - apscheduler.executors.default - INFO - Job "Scheduled Task (trigger: interval[0:00:30], next run at: 2021-12-22 11:51:58 GMT)" executed successfully
2021-12-22 11:51:58,670 - apscheduler.executors.default - INFO - Running job "Scheduled Task (trigger: interval[0:00:30], next run at: 2021-12-22 11:51:58 GMT)" (scheduled at 2021-12-22 11:51:58.665522+00:00)
2021-12-22 11:51:58,673 - apscheduler.executors.default - INFO - Job "Scheduled Task (trigger: interval[0:00:30], next run at: 2021-12-22 11:52:28 GMT)" executed successfully
2021-12-22 11:52:17,409 - TrainControll - INFO - Setup....
2021-12-22 11:52:17,417 - root - INFO - End Main....
2021-12-22 11:52:17,463 - root - INFO - __main__
2021-12-22 11:52:18,392 - TrainControll - INFO - waiting for network..
2021-12-22 11:52:21,547 - TrainControll - INFO - Starting MQTT
2021-12-22 11:52:22,431 - TrainControll - INFO - Scheduling Tasks
2021-12-22 11:52:22,787 - TrainControll - INFO - MQTT connected 0
2021-12-22 11:52:22,957 - apscheduler.scheduler - INFO - Adding job tentatively -- it will be properly scheduled when the scheduler starts
2021-12-22 11:52:22,963 - apscheduler.scheduler - INFO - Added job "Scheduled Task" to job store "default"
2021-12-22 11:52:22,963 - apscheduler.scheduler - INFO - Scheduler started
2021-12-22 11:52:23,407 - TrainControll - INFO - Ready...
2021-12-22 11:52:29,047 - TrainControll - INFO - Mqtt inbound:
2021-12-22 11:52:29,714 - TrainControll - INFO - MQTT Command: Lok
2021-12-22 11:52:30,291 - TrainControll - INFO - Mqtt inbound:
2021-12-22 11:52:30,983 - TrainControll - INFO - MQTT Command: Lok
2021-12-22 11:52:31,541 - TrainControll - INFO - Mqtt inbound:
2021-12-22 11:52:32,174 - TrainControll - INFO - MQTT Command: Lok
2021-12-22 11:52:32,724 - TrainControll - INFO - Mqtt inbound:
2021-12-22 11:52:33,345 - TrainControll - INFO - MQTT Command: Lok
2021-12-22 11:52:33,878 - TrainControll - INFO - Mqtt inbound:
2021-12-22 11:52:34,496 - TrainControll - INFO - MQTT Command: Lok
2021-12-22 11:52:35,029 - TrainControll - INFO - Mqtt inbound:
2021-12-22 11:52:35,646 - TrainControll - INFO - MQTT Command: Lok
2021-12-22 11:52:56,300 - TrainControll - INFO - Setup....
2021-12-22 11:52:56,310 - root - INFO - End Main....
2021-12-22 11:52:56,356 - root - INFO - __main__
2021-12-22 11:52:57,280 - TrainControll - INFO - waiting for network..
2021-12-22 11:53:00,505 - TrainControll - INFO - Starting MQTT
2021-12-22 11:53:01,421 - TrainControll - INFO - Scheduling Tasks
2021-12-22 11:53:01,717 - TrainControll - INFO - MQTT connected 0
2021-12-22 11:53:01,971 - apscheduler.scheduler - INFO - Adding job tentatively -- it will be properly scheduled when the scheduler starts
2021-12-22 11:53:01,976 - apscheduler.scheduler - INFO - Added job "Scheduled Task" to job store "default"
2021-12-22 11:53:01,977 - apscheduler.scheduler - INFO - Scheduler started
2021-12-22 11:53:02,412 - TrainControll - INFO - Ready...
2021-12-22 11:53:10,629 - TrainControll - INFO - Mqtt inbound:
2021-12-22 11:53:11,276 - TrainControll - INFO - MQTT Command: Lok
2021-12-22 11:53:11,849 - TrainControll - INFO - Mqtt inbound:
2021-12-22 11:53:12,492 - TrainControll - INFO - MQTT Command: Lok
2021-12-22 11:53:15,615 - TrainControll - INFO - Mqtt inbound:
2021-12-22 11:53:16,289 - TrainControll - INFO - MQTT Command: Lok
2021-12-22 11:53:16,852 - TrainControll - INFO - Mqtt inbound:
2021-12-22 11:53:17,502 - TrainControll - INFO - MQTT Command: Lok
2021-12-22 11:53:19,224 - TrainControll - INFO - Mqtt inbound:
2021-12-22 11:53:19,914 - TrainControll - INFO - MQTT Command: Lok
2021-12-22 11:53:31,973 - apscheduler.executors.default - INFO - Running job "Scheduled Task (trigger: interval[0:00:30], next run at: 2021-12-22 11:53:31 GMT)" (scheduled at 2021-12-22 11:53:31.970081+00:00)
2021-12-22 11:53:31,976 - apscheduler.executors.default - INFO - Job "Scheduled Task (trigger: interval[0:00:30], next run at: 2021-12-22 11:54:01 GMT)" executed successfully
2021-12-22 11:53:45,633 - TrainControll - INFO - Mqtt inbound:
2021-12-22 11:53:46,286 - TrainControll - INFO - MQTT Command: Lok
2021-12-22 11:53:46,842 - TrainControll - INFO - Mqtt inbound:
2021-12-22 11:53:47,482 - TrainControll - INFO - MQTT Command: Lok
2021-12-22 11:53:48,029 - TrainControll - INFO - Mqtt inbound:
2021-12-22 11:53:48,680 - TrainControll - INFO - MQTT Command: Lok
2021-12-22 11:53:49,231 - TrainControll - INFO - Mqtt inbound:
2021-12-22 11:53:49,863 - TrainControll - INFO - MQTT Command: Lok
2021-12-22 11:53:50,416 - TrainControll - INFO - Mqtt inbound:
2021-12-22 11:53:51,061 - TrainControll - INFO - MQTT Command: Lok
2021-12-22 11:53:51,605 - TrainControll - INFO - Mqtt inbound:
2021-12-22 11:53:52,278 - TrainControll - INFO - MQTT Command: Lok
2021-12-22 11:53:52,839 - TrainControll - INFO - Mqtt inbound:
2021-12-22 11:53:53,483 - TrainControll - INFO - MQTT Command: Lok
2021-12-22 11:53:54,044 - TrainControll - INFO - Mqtt inbound:
2021-12-22 11:53:54,694 - TrainControll - INFO - MQTT Command: Lok
2021-12-22 11:53:55,259 - TrainControll - INFO - Mqtt inbound:
2021-12-22 11:53:55,937 - TrainControll - INFO - MQTT Command: Lok
2021-12-22 11:53:56,732 - TrainControll - INFO - Mqtt inbound:
2021-12-22 11:53:57,442 - TrainControll - INFO - MQTT Command: Lok
2021-12-22 11:53:58,026 - TrainControll - INFO - Mqtt inbound:
2021-12-22 11:53:58,705 - TrainControll - INFO - MQTT Command: Lok
2021-12-22 11:53:59,309 - TrainControll - INFO - Mqtt inbound:
2021-12-22 11:54:00,029 - TrainControll - INFO - MQTT Command: Lok
2021-12-22 11:54:00,630 - TrainControll - INFO - Mqtt inbound:
2021-12-22 11:54:01,315 - TrainControll - INFO - MQTT Command: Lok
2021-12-22 11:54:01,896 - TrainControll - INFO - Mqtt inbound:
2021-12-22 11:54:01,989 - apscheduler.executors.default - INFO - Running job "Scheduled Task (trigger: interval[0:00:30], next run at: 2021-12-22 11:54:01 GMT)" (scheduled at 2021-12-22 11:54:01.970081+00:00)
2021-12-22 11:54:01,991 - apscheduler.executors.default - INFO - Job "Scheduled Task (trigger: interval[0:00:30], next run at: 2021-12-22 11:54:01 GMT)" executed successfully
2021-12-22 11:54:02,594 - TrainControll - INFO - MQTT Command: Lok
2021-12-22 11:54:03,152 - TrainControll - INFO - Mqtt inbound:
2021-12-22 11:54:03,806 - TrainControll - INFO - MQTT Command: Lok
2021-12-22 11:54:04,359 - TrainControll - INFO - Mqtt inbound:
2021-12-22 11:54:04,997 - TrainControll - INFO - MQTT Command: Lok
2021-12-22 11:54:05,551 - TrainControll - INFO - Mqtt inbound:
2021-12-22 11:54:06,216 - TrainControll - INFO - MQTT Command: Lok
2021-12-22 11:54:06,781 - TrainControll - INFO - Mqtt inbound:
2021-12-22 11:54:07,427 - TrainControll - INFO - MQTT Command: Lok
2021-12-22 11:54:07,980 - TrainControll - INFO - Mqtt inbound:
2021-12-22 11:54:08,621 - TrainControll - INFO - MQTT Command: Lok
2021-12-22 11:54:09,176 - TrainControll - INFO - Mqtt inbound:
2021-12-22 11:54:09,819 - TrainControll - INFO - MQTT Command: Lok
2021-12-22 11:54:10,406 - TrainControll - INFO - Mqtt inbound:
2021-12-22 11:54:11,056 - TrainControll - INFO - MQTT Command: Lok
2021-12-22 11:54:11,606 - TrainControll - INFO - Mqtt inbound:
2021-12-22 11:54:12,256 - TrainControll - INFO - MQTT Command: Lok
2021-12-22 11:54:12,813 - TrainControll - INFO - Mqtt inbound:
2021-12-22 11:54:13,460 - TrainControll - INFO - MQTT Command: Lok
2021-12-22 11:54:14,041 - TrainControll - INFO - Mqtt inbound:
2021-12-22 11:54:14,785 - TrainControll - INFO - MQTT Command: Lok
2021-12-22 11:54:15,461 - TrainControll - INFO - Mqtt inbound:
2021-12-22 11:54:16,198 - TrainControll - INFO - MQTT Command: Lok
2021-12-22 11:54:16,779 - TrainControll - INFO - Mqtt inbound:
2021-12-22 11:54:17,449 - TrainControll - INFO - MQTT Command: Lok
2021-12-22 11:54:18,038 - TrainControll - INFO - Mqtt inbound:
2021-12-22 11:54:18,789 - TrainControll - INFO - MQTT Command: Lok
2021-12-22 11:54:32,004 - apscheduler.executors.default - INFO - Running job "Scheduled Task (trigger: interval[0:00:30], next run at: 2021-12-22 11:54:31 GMT)" (scheduled at 2021-12-22 11:54:31.970081+00:00)
2021-12-22 11:54:32,006 - apscheduler.executors.default - INFO - Job "Scheduled Task (trigger: interval[0:00:30], next run at: 2021-12-22 11:54:31 GMT)" executed successfully
2021-12-22 11:54:42,109 - TrainControll - INFO - Lok: 1 Speed: 50
2021-12-22 11:54:45,586 - TrainControll - INFO - Lok: 1 Speed: 99
2021-12-22 11:54:49,837 - TrainControll - INFO - Mqtt inbound:
2021-12-22 11:54:50,567 - TrainControll - INFO - MQTT Command: Lok
2021-12-22 11:54:53,240 - TrainControll - INFO - Mqtt inbound:
2021-12-22 11:54:53,932 - TrainControll - INFO - MQTT Command: Lok
2021-12-22 11:54:54,525 - TrainControll - INFO - Mqtt inbound:
2021-12-22 11:54:55,176 - TrainControll - INFO - MQTT Command: Lok
2021-12-22 11:55:01,978 - apscheduler.executors.default - INFO - Running job "Scheduled Task (trigger: interval[0:00:30], next run at: 2021-12-22 11:55:01 GMT)" (scheduled at 2021-12-22 11:55:01.970081+00:00)
2021-12-22 11:55:01,981 - apscheduler.executors.default - INFO - Job "Scheduled Task (trigger: interval[0:00:30], next run at: 2021-12-22 11:55:31 GMT)" executed successfully
2021-12-22 11:55:14,023 - TrainControll - INFO - Mqtt inbound:
2021-12-22 11:55:14,674 - TrainControll - INFO - MQTT Command: Lok
2021-12-22 11:55:15,228 - TrainControll - INFO - Mqtt inbound:
2021-12-22 11:55:15,868 - TrainControll - INFO - MQTT Command: Lok
2021-12-22 11:55:16,427 - TrainControll - INFO - Mqtt inbound:
2021-12-22 11:55:17,058 - TrainControll - INFO - MQTT Command: Lok
2021-12-22 11:55:17,615 - TrainControll - INFO - Mqtt inbound:
2021-12-22 11:55:18,300 - TrainControll - INFO - MQTT Command: Lok
2021-12-22 11:55:18,852 - TrainControll - INFO - Mqtt inbound:
2021-12-22 11:55:19,520 - TrainControll - INFO - MQTT Command: Lok
2021-12-22 11:55:27,292 - TrainControll - INFO - Mqtt inbound:
2021-12-22 11:55:27,997 - TrainControll - INFO - MQTT Command: Lok
2021-12-22 11:55:28,606 - TrainControll - INFO - Mqtt inbound:
2021-12-22 11:55:29,309 - TrainControll - INFO - MQTT Command: Lok
2021-12-22 11:55:29,907 - TrainControll - INFO - Mqtt inbound:
2021-12-22 11:55:30,603 - TrainControll - INFO - MQTT Command: Lok
2021-12-22 11:55:31,201 - TrainControll - INFO - Mqtt inbound:
2021-12-22 11:55:31,858 - TrainControll - INFO - MQTT Command: Lok
2021-12-22 11:55:31,991 - apscheduler.executors.default - INFO - Running job "Scheduled Task (trigger: interval[0:00:30], next run at: 2021-12-22 11:55:31 GMT)" (scheduled at 2021-12-22 11:55:31.970081+00:00)
2021-12-22 11:55:32,005 - apscheduler.executors.default - INFO - Job "Scheduled Task (trigger: interval[0:00:30], next run at: 2021-12-22 11:55:31 GMT)" executed successfully
2021-12-22 11:55:32,416 - TrainControll - INFO - Mqtt inbound:
2021-12-22 11:55:33,064 - TrainControll - INFO - MQTT Command: Lok
2021-12-22 11:55:43,281 - TrainControll - INFO - Mqtt inbound:
2021-12-22 11:55:43,952 - TrainControll - INFO - MQTT Command: Lok
2021-12-22 11:55:44,641 - TrainControll - INFO - Mqtt inbound:
2021-12-22 11:55:45,382 - TrainControll - INFO - MQTT Command: Lok
2021-12-22 11:55:46,035 - TrainControll - INFO - Mqtt inbound:
2021-12-22 11:55:46,775 - TrainControll - INFO - MQTT Command: Lok
2021-12-22 11:55:47,378 - TrainControll - INFO - Mqtt inbound:
2021-12-22 11:55:48,066 - TrainControll - INFO - MQTT Command: Lok
2021-12-22 11:56:02,016 - apscheduler.executors.default - INFO - Running job "Scheduled Task (trigger: interval[0:00:30], next run at: 2021-12-22 11:56:01 GMT)" (scheduled at 2021-12-22 11:56:01.970081+00:00)
2021-12-22 11:56:02,018 - apscheduler.executors.default - INFO - Job "Scheduled Task (trigger: interval[0:00:30], next run at: 2021-12-22 11:56:01 GMT)" executed successfully
